<?xml version="1.0" encoding="UTF-8"?>
<!-- Generated by org.testng.reporters.JUnitReportReporter -->
<testsuite hostname="DESKTOP-A0POKDJ" failures="0" tests="2" name="testcase.Logintest" time="57.439" errors="0" timestamp="2024-03-14T11:34:19 BDT" skipped="0">
  <testcase classname="testcase.Logintest" name="login" time="35.468"/>
  <testcase classname="testcase.Logintest" name="login" time="21.971"/>
</testsuite> <!-- testcase.Logintest -->
